<?xml version="1.0" encoding="UTF-8"?>
<testsuite name="User can add multiple items to cart" tests="2" skipped="0" failures="0" errors="0" timestamp="2020-11-10T22:26:31" hostname="QRT1MDEWIN14" time="57.927">
  <properties/>
  <testcase name="User can add women blouse" classname="User can add multiple items to cart" time="31.967"/>
  <testcase name="user can add women evening dress" classname="User can add multiple items to cart" time="25.948"/>
  <system-out><![CDATA[]]></system-out>
  <system-err><![CDATA[nov 10, 2020 5:26:32 PM org.openqa.selenium.remote.DesiredCapabilities chrome
INFORMACIÓN: Using `new ChromeOptions()` is preferred to `DesiredCapabilities.chrome()`
Starting ChromeDriver 86.0.4240.22 (398b0743353ff36fb1b82468f63a3a93b4e2e89e-refs/branch-heads/4240@{#378}) on port 20818
Only local connections are allowed.
Please see https://chromedriver.chromium.org/security-considerations for suggestions on keeping ChromeDriver safe.
ChromeDriver was started successfully.
nov 10, 2020 5:26:38 PM org.openqa.selenium.remote.ProtocolHandshake createSession
INFORMACIÓN: Detected dialect: W3C
nov 10, 2020 5:27:03 PM org.openqa.selenium.remote.DesiredCapabilities chrome
INFORMACIÓN: Using `new ChromeOptions()` is preferred to `DesiredCapabilities.chrome()`
Starting ChromeDriver 86.0.4240.22 (398b0743353ff36fb1b82468f63a3a93b4e2e89e-refs/branch-heads/4240@{#378}) on port 47165
Only local connections are allowed.
Please see https://chromedriver.chromium.org/security-considerations for suggestions on keeping ChromeDriver safe.
ChromeDriver was started successfully.
nov 10, 2020 5:27:07 PM org.openqa.selenium.remote.ProtocolHandshake createSession
INFORMACIÓN: Detected dialect: W3C
]]></system-err>
</testsuite>
